[browser] A tree hydrated but some attributes of the server rendered HTML didn't match the client properties. This won't be patched up. This can happen if a SSR-ed Client Component used:

- A server/client branch `if (typeof window !== 'undefined')`.
- Variable input such as `Date.now()` or `Math.random()` which changes each time it's called.
- Date formatting in a user's locale which doesn't match the server.
- External changing data without sending a snapshot of it along with the HTML.
- Invalid HTML tag nesting.

It can also happen if the client has a browser extension installed which messes with the HTML before React loaded.

https://react.dev/link/hydration-mismatch

  ...
    <HotReload globalError={[...]} webSocket={WebSocket} staticIndicatorState={{pathname:null, ...}}>
      <AppDevOverlayErrorBoundary globalError={[...]}>
        <ReplaySsrOnlyErrors>
        <DevRootHTTPAccessFallbackBoundary>
          <HTTPAccessFallbackBoundary notFound={<NotAllowedRootHTTPFallbackError>}>
            <HTTPAccessFallbackErrorBoundary pathname="/login" notFound={<NotAllowedRootHTTPFallbackError>} ...>
              <RedirectBoundary>
                <RedirectErrorBoundary router={{...}}>
                  <Head>
                  <__next_root_layout_boundary__>
                    <SegmentViewNode type="layout" pagePath="layout.tsx">
                      <SegmentTrieNode>
                      <link>
                      <script>
                      <script>
                      <RootLayout>
                        <html
                          lang="en"
                          className="h-full"
-                         suppresshydrationwarning="true"
-                         data-qb-installed="true"
                        >
                  ...
 
    at <unknown> (file://E:/HACKATHON/04. Aerospace/airforce-training-main-main/.next/dev/static/chunks/node_modules_next_dist_compiled_react-dom_058-ah~._.js:3439:25)
    at runWithFiberInDEV (file://E:/HACKATHON/04. Aerospace/airforce-training-main-main/.next/dev/static/chunks/node_modules_next_dist_compiled_react-dom_058-ah~._.js:965:74)
    at emitPendingHydrationWarnings (file://E:/HACKATHON/04. Aerospace/airforce-training-main-main/.next/dev/static/chunks/node_modules_next_dist_compiled_react-dom_058-ah~._.js:3438:13)
    at completeWork (file://E:/HACKATHON/04. Aerospace/airforce-training-main-main/.next/dev/static/chunks/node_modules_next_dist_compiled_react-dom_058-ah~._.js:6885:102)
    at runWithFiberInDEV (file://E:/HACKATHON/04. Aerospace/airforce-training-main-main/.next/dev/static/chunks/node_modules_next_dist_compiled_react-dom_058-ah~._.js:965:131)
    at completeUnitOfWork (file://E:/HACKATHON/04. Aerospace/airforce-training-main-main/.next/dev/static/chunks/node_modules_next_dist_compiled_react-dom_058-ah~._.js:9622:23)
    at performUnitOfWork (file://E:/HACKATHON/04. Aerospace/airforce-training-main-main/.next/dev/static/chunks/node_modules_next_dist_compiled_react-dom_058-ah~._.js:9557:28)
    at workLoopConcurrentByScheduler (file://E:/HACKATHON/04. Aerospace/airforce-training-main-main/.next/dev/static/chunks/node_modules_next_dist_compiled_react-dom_058-ah~._.js:9551:58)
    at renderRootConcurrent (file://E:/HACKATHON/04. Aerospace/airforce-training-main-main/.next/dev/static/chunks/node_modules_next_dist_compiled_react-dom_058-ah~._.js:9534:71)
    at performWorkOnRoot (file://E:/HACKATHON/04. Aerospace/airforce-training-main-main/.next/dev/static/chunks/node_modules_next_dist_compiled_react-dom_058-ah~._.js:9061:150)
    at performWorkOnRootViaSchedulerTask (file://E:/HACKATHON/04. Aerospace/airforce-training-main-main/.next/dev/static/chunks/node_modules_next_dist_compiled_react-dom_058-ah~._.js:10255:9)
    at MessagePort.performWorkUntilDeadline (file://E:/HACKATHON/04. Aerospace/airforce-training-main-main/.next/dev/static/chunks/node_modules_next_dist_compiled_0rpq4pf._.js:2647:64) (file://E:/HACKATHON/04. Aerospace/airforce-training-main-main/.next/dev/static/chunks/node_modules_next_dist_compiled_react-dom_058-ah~._.js:3439:25)
[browser] Detected `scroll-behavior: smooth` on the `<html>` element. To disable smooth scrolling during route transitions, add `data-scroll-behavior="smooth"` to your <html> element. Learn more: https://nextjs.org/docs/messages/missing-data-scroll-behavior (file://E:/HACKATHON/04. Aerospace/airforce-training-main-main/.next/dev/static/chunks/node_modules_next_dist_115brz8._.js:2477:13)
[browser] Detected `scroll-behavior: smooth` on the `<html>` element. To disable smooth scrolling during route transitions, add `data-scroll-behavior="smooth"` to your <html> element. Learn more: https://nextjs.org/docs/messages/missing-data-scroll-behavior (file://E:/HACKATHON/04. Aerospace/airforce-training-main-main/.next/dev/static/chunks/node_modules_next_dist_115brz8._.js:2477:13)
[browser] Failed to fetch dashboard data: TypeError: Failed to fetch
    at apiFetch (file://E:/HACKATHON/04. Aerospace/airforce-training-main-main/.next/dev/static/chunks/src_0y_21jy._.js:25:28)
    at getSimulations (file://E:/HACKATHON/04. Aerospace/airforce-training-main-main/.next/dev/static/chunks/src_0bj~uuh._.js:1345:145)
    at TraineeDashboardPage.useEffect.fetchData (file://E:/HACKATHON/04. Aerospace/airforce-training-main-main/.next/dev/static/chunks/src_0bj~uuh._.js:1534:176)
    at TraineeDashboardPage.useEffect (file://E:/HACKATHON/04. Aerospace/airforce-training-main-main/.next/dev/static/chunks/src_0bj~uuh._.js:1557:13)
    at Object.react_stack_bottom_frame (file://E:/HACKATHON/04. Aerospace/airforce-training-main-main/.next/dev/static/chunks/node_modules_next_dist_compiled_react-dom_058-ah~._.js:15087:22)
    at runWithFiberInDEV (file://E:/HACKATHON/04. Aerospace/airforce-training-main-main/.next/dev/static/chunks/node_modules_next_dist_compiled_react-dom_058-ah~._.js:965:74)
    at commitHookEffectListMount (file://E:/HACKATHON/04. Aerospace/airforce-training-main-main/.next/dev/static/chunks/node_modules_next_dist_compiled_react-dom_058-ah~._.js:7255:167)
    at commitHookPassiveMountEffects (file://E:/HACKATHON/04. Aerospace/airforce-training-main-main/.next/dev/static/chunks/node_modules_next_dist_compiled_react-dom_058-ah~._.js:7290:60)
    at commitPassiveMountOnFiber (file://E:/HACKATHON/04. Aerospace/airforce-training-main-main/.next/dev/static/chunks/node_modules_next_dist_compiled_react-dom_058-ah~._.js:8689:33)
    at recursivelyTraversePassiveMountEffects (file://E:/HACKATHON/04. Aerospace/airforce-training-main-main/.next/dev/static/chunks/node_modules_next_dist_compiled_react-dom_058-ah~._.js:8676:316)
    at commitPassiveMountOnFiber (file://E:/HACKATHON/04. Aerospace/airforce-training-main-main/.next/dev/static/chunks/node_modules_next_dist_compiled_react-dom_058-ah~._.js:8688:17)
    at recursivelyTraversePassiveMountEffects (file://E:/HACKATHON/04. Aerospace/airforce-training-main-main/.next/dev/static/chunks/node_modules_next_dist_compiled_react-dom_058-ah~._.js:8676:316)
    at commitPassiveMountOnFiber (file://E:/HACKATHON/04. Aerospace/airforce-training-main-main/.next/dev/static/chunks/node_modules_next_dist_compiled_react-dom_058-ah~._.js:8688:17)
    at recursivelyTraversePassiveMountEffects (file://E:/HACKATHON/04. Aerospace/airforce-training-main-main/.next/dev/static/chunks/node_modules_next_dist_compiled_react-dom_058-ah~._.js:8676:316)
    at commitPassiveMountOnFiber (file://E:/HACKATHON/04. Aerospace/airforce-training-main-main/.next/dev/static/chunks/node_modules_next_dist_compiled_react-dom_058-ah~._.js:8750:17)
    at recursivelyTraversePassiveMountEffects (file://E:/HACKATHON/04. Aerospace/airforce-training-main-main/.next/dev/static/chunks/node_modules_next_dist_compiled_react-dom_058-ah~._.js:8676:316)
    at commitPassiveMountOnFiber (file://E:/HACKATHON/04. Aerospace/airforce-training-main-main/.next/dev/static/chunks/node_modules_next_dist_compiled_react-dom_058-ah~._.js:8750:17)
    at recursivelyTraversePassiveMountEffects (file://E:/HACKATHON/04. Aerospace/airforce-training-main-main/.next/dev/static/chunks/node_modules_next_dist_compiled_react-dom_058-ah~._.js:8676:316)
    at commitPassiveMountOnFiber (file://E:/HACKATHON/04. Aerospace/airforce-training-main-main/.next/dev/static/chunks/node_modules_next_dist_compiled_react-dom_058-ah~._.js:8688:17)
    at recursivelyTraversePassiveMountEffects (file://E:/HACKATHON/04. Aerospace/airforce-training-main-main/.next/dev/static/chunks/node_modules_next_dist_compiled_react-dom_058-ah~._.js:8676:316)
    at commitPassiveMountOnFiber (file://E:/HACKATHON/04. Aerospace/airforce-training-main-main/.next/dev/static/chunks/node_modules_next_dist_compiled_react-dom_058-ah~._.js:8693:17)
    at recursivelyTraversePassiveMountEffects (file://E:/HACKATHON/04. Aerospace/airforce-training-main-main/.next/dev/static/chunks/node_modules_next_dist_compiled_react-dom_058-ah~._.js:8676:316)
    at commitPassiveMountOnFiber (file://E:/HACKATHON/04. Aerospace/airforce-training-main-main/.next/dev/static/chunks/node_modules_next_dist_compiled_react-dom_058-ah~._.js:8688:17)
    at recursivelyTraversePassiveMountEffects (file://E:/HACKATHON/04. Aerospace/airforce-training-main-main/.next/dev/static/chunks/node_modules_next_dist_compiled_react-dom_058-ah~._.js:8676:316)
    at commitPassiveMountOnFiber (file://E:/HACKATHON/04. Aerospace/airforce-training-main-main/.next/dev/static/chunks/node_modules_next_dist_compiled_react-dom_058-ah~._.js:8688:17)
    at recursivelyTraversePassiveMountEffects (file://E:/HACKATHON/04. Aerospace/airforce-training-main-main/.next/dev/static/chunks/node_modules_next_dist_compiled_react-dom_058-ah~._.js:8676:316)
    at commitPassiveMountOnFiber (file://E:/HACKATHON/04. Aerospace/airforce-training-main-main/.next/dev/static/chunks/node_modules_next_dist_compiled_react-dom_058-ah~._.js:8688:17)
    at recursivelyTraversePassiveMountEffects (file://E:/HACKATHON/04. Aerospace/airforce-training-main-main/.next/dev/static/chunks/node_modules_next_dist_compiled_react-dom_058-ah~._.js:8676:316)
    at commitPassiveMountOnFiber (file://E:/HACKATHON/04. Aerospace/airforce-training-main-main/.next/dev/static/chunks/node_modules_next_dist_compiled_react-dom_058-ah~._.js:8688:17)
    at recursivelyTraversePassiveMountEffects (file://E:/HACKATHON/04. Aerospace/airforce-training-main-main/.next/dev/static/chunks/node_modules_next_dist_compiled_react-dom_058-ah~._.js:8676:316)
    at commitPassiveMountOnFiber (file://E:/HACKATHON/04. Aerospace/airforce-training-main-main/.next/dev/static/chunks/node_modules_next_dist_compiled_react-dom_058-ah~._.js:8693:17)
    at recursivelyTraversePassiveMountEffects (file://E:/HACKATHON/04. Aerospace/airforce-training-main-main/.next/dev/static/chunks/node_modules_next_dist_compiled_react-dom_058-ah~._.js:8676:316)
    at commitPassiveMountOnFiber (file://E:/HACKATHON/04. Aerospace/airforce-training-main-main/.next/dev/static/chunks/node_modules_next_dist_compiled_react-dom_058-ah~._.js:8688:17)
    at recursivelyTraversePassiveMountEffects (file://E:/HACKATHON/04. Aerospace/airforce-training-main-main/.next/dev/static/chunks/node_modules_next_dist_compiled_react-dom_058-ah~._.js:8676:316)
    at commitPassiveMountOnFiber (file://E:/HACKATHON/04. Aerospace/airforce-training-main-main/.next/dev/static/chunks/node_modules_next_dist_compiled_react-dom_058-ah~._.js:8688:17)
    at recursivelyTraversePassiveMountEffects (file://E:/HACKATHON/04. Aerospace/airforce-training-main-main/.next/dev/static/chunks/node_modules_next_dist_compiled_react-dom_058-ah~._.js:8676:316)
    at commitPassiveMountOnFiber (file://E:/HACKATHON/04. Aerospace/airforce-training-main-main/.next/dev/static/chunks/node_modules_next_dist_compiled_react-dom_058-ah~._.js:8750:17)
    at recursivelyTraversePassiveMountEffects (file://E:/HACKATHON/04. Aerospace/airforce-training-main-main/.next/dev/static/chunks/node_modules_next_dist_compiled_react-dom_058-ah~._.js:8676:316)
    at commitPassiveMountOnFiber (file://E:/HACKATHON/04. Aerospace/airforce-training-main-main/.next/dev/static/chunks/node_modules_next_dist_compiled_react-dom_058-ah~._.js:8750:17)
    at recursivelyTraversePassiveMountEffects (file://E:/HACKATHON/04. Aerospace/airforce-training-main-main/.next/dev/static/chunks/node_modules_next_dist_compiled_react-dom_058-ah~._.js:8676:316)
    at commitPassiveMountOnFiber (file://E:/HACKATHON/04. Aerospace/airforce-training-main-main/.next/dev/static/chunks/node_modules_next_dist_compiled_react-dom_058-ah~._.js:8688:17)
    at recursivelyTraversePassiveMountEffects (file://E:/HACKATHON/04. Aerospace/airforce-training-main-main/.next/dev/static/chunks/node_modules_next_dist_compiled_react-dom_058-ah~._.js:8676:316)
    at commitPassiveMountOnFiber (file://E:/HACKATHON/04. Aerospace/airforce-training-main-main/.next/dev/static/chunks/node_modules_next_dist_compiled_react-dom_058-ah~._.js:8688:17)
    at recursivelyTraversePassiveMountEffects (file://E:/HACKATHON/04. Aerospace/airforce-training-main-main/.next/dev/static/chunks/node_modules_next_dist_compiled_react-dom_058-ah~._.js:8676:316)
    at commitPassiveMountOnFiber (file://E:/HACKATHON/04. Aerospace/airforce-training-main-main/.next/dev/static/chunks/node_modules_next_dist_compiled_react-dom_058-ah~._.js:8750:17)
    at recursivelyTraversePassiveMountEffects (file://E:/HACKATHON/04. Aerospace/airforce-training-main-main/.next/dev/static/chunks/node_modules_next_dist_compiled_react-dom_058-ah~._.js:8676:316)
    at commitPassiveMountOnFiber (file://E:/HACKATHON/04. Aerospace/airforce-training-main-main/.next/dev/static/chunks/node_modules_next_dist_compiled_react-dom_058-ah~._.js:8750:17)
    at recursivelyTraversePassiveMountEffects (file://E:/HACKATHON/04. Aerospace/airforce-training-main-main/.next/dev/static/chunks/node_modules_next_dist_compiled_react-dom_058-ah~._.js:8676:316)
    at commitPassiveMountOnFiber (file://E:/HACKATHON/04. Aerospace/airforce-training-main-main/.next/dev/static/chunks/node_modules_next_dist_compiled_react-dom_058-ah~._.js:8750:17)
    at recursivelyTraversePassiveMountEffects (file://E:/HACKATHON/04. Aerospace/airforce-training-main-main/.next/dev/static/chunks/node_modules_next_dist_compiled_react-dom_058-ah~._.js:8676:316) (file://E:/HACKATHON/04. Aerospace/airforce-training-main-main/.next/dev/static/chunks/src_0bj~uuh._.js:1548:33)
[browser] TypeError: Failed to fetch
    at apiFetch (file://E:/HACKATHON/04. Aerospace/airforce-training-main-main/.next/dev/static/chunks/src_0y_21jy._.js:25:28)
    at getAlerts (file://E:/HACKATHON/04. Aerospace/airforce-training-main-main/.next/dev/static/chunks/src_051sa4~._.js:1211:145)
    at Navbar.useEffect (file://E:/HACKATHON/04. Aerospace/airforce-training-main-main/.next/dev/static/chunks/src_051sa4~._.js:1650:150)
    at Object.react_stack_bottom_frame (file://E:/HACKATHON/04. Aerospace/airforce-training-main-main/.next/dev/static/chunks/node_modules_next_dist_compiled_react-dom_058-ah~._.js:15087:22)
    at runWithFiberInDEV (file://E:/HACKATHON/04. Aerospace/airforce-training-main-main/.next/dev/static/chunks/node_modules_next_dist_compiled_react-dom_058-ah~._.js:965:74)
    at commitHookEffectListMount (file://E:/HACKATHON/04. Aerospace/airforce-training-main-main/.next/dev/static/chunks/node_modules_next_dist_compiled_react-dom_058-ah~._.js:7255:167)
    at commitHookPassiveMountEffects (file://E:/HACKATHON/04. Aerospace/airforce-training-main-main/.next/dev/static/chunks/node_modules_next_dist_compiled_react-dom_058-ah~._.js:7290:60)
    at reconnectPassiveEffects (file://E:/HACKATHON/04. Aerospace/airforce-training-main-main/.next/dev/static/chunks/node_modules_next_dist_compiled_react-dom_058-ah~._.js:8779:17)
    at recursivelyTraverseReconnectPassiveEffects (file://E:/HACKATHON/04. Aerospace/airforce-training-main-main/.next/dev/static/chunks/node_modules_next_dist_compiled_react-dom_058-ah~._.js:8766:13)
    at reconnectPassiveEffects (file://E:/HACKATHON/04. Aerospace/airforce-training-main-main/.next/dev/static/chunks/node_modules_next_dist_compiled_react-dom_058-ah~._.js:8793:17)
    at doubleInvokeEffectsOnFiber (file://E:/HACKATHON/04. Aerospace/airforce-training-main-main/.next/dev/static/chunks/node_modules_next_dist_compiled_react-dom_058-ah~._.js:10117:133)
    at runWithFiberInDEV (file://E:/HACKATHON/04. Aerospace/airforce-training-main-main/.next/dev/static/chunks/node_modules_next_dist_compiled_react-dom_058-ah~._.js:965:74)
    at recursivelyTraverseAndDoubleInvokeEffectsInDEV (file://E:/HACKATHON/04. Aerospace/airforce-training-main-main/.next/dev/static/chunks/node_modules_next_dist_compiled_react-dom_058-ah~._.js:10110:79)
    at recursivelyTraverseAndDoubleInvokeEffectsInDEV (file://E:/HACKATHON/04. Aerospace/airforce-training-main-main/.next/dev/static/chunks/node_modules_next_dist_compiled_react-dom_058-ah~._.js:10110:147)
    at recursivelyTraverseAndDoubleInvokeEffectsInDEV (file://E:/HACKATHON/04. Aerospace/airforce-training-main-main/.next/dev/static/chunks/node_modules_next_dist_compiled_react-dom_058-ah~._.js:10110:147)
    at recursivelyTraverseAndDoubleInvokeEffectsInDEV (file://E:/HACKATHON/04. Aerospace/airforce-training-main-main/.next/dev/static/chunks/node_modules_next_dist_compiled_react-dom_058-ah~._.js:10110:147)
    at recursivelyTraverseAndDoubleInvokeEffectsInDEV (file://E:/HACKATHON/04. Aerospace/airforce-training-main-main/.next/dev/static/chunks/node_modules_next_dist_compiled_react-dom_058-ah~._.js:10110:147)
    at recursivelyTraverseAndDoubleInvokeEffectsInDEV (file://E:/HACKATHON/04. Aerospace/airforce-training-main-main/.next/dev/static/chunks/node_modules_next_dist_compiled_react-dom_058-ah~._.js:10110:147)
    at recursivelyTraverseAndDoubleInvokeEffectsInDEV (file://E:/HACKATHON/04. Aerospace/airforce-training-main-main/.next/dev/static/chunks/node_modules_next_dist_compiled_react-dom_058-ah~._.js:10110:147)
    at recursivelyTraverseAndDoubleInvokeEffectsInDEV (file://E:/HACKATHON/04. Aerospace/airforce-training-main-main/.next/dev/static/chunks/node_modules_next_dist_compiled_react-dom_058-ah~._.js:10110:147)
    at recursivelyTraverseAndDoubleInvokeEffectsInDEV (file://E:/HACKATHON/04. Aerospace/airforce-training-main-main/.next/dev/static/chunks/node_modules_next_dist_compiled_react-dom_058-ah~._.js:10110:147)
    at recursivelyTraverseAndDoubleInvokeEffectsInDEV (file://E:/HACKATHON/04. Aerospace/airforce-training-main-main/.next/dev/static/chunks/node_modules_next_dist_compiled_react-dom_058-ah~._.js:10110:147)
    at recursivelyTraverseAndDoubleInvokeEffectsInDEV (file://E:/HACKATHON/04. Aerospace/airforce-training-main-main/.next/dev/static/chunks/node_modules_next_dist_compiled_react-dom_058-ah~._.js:10110:147)
    at recursivelyTraverseAndDoubleInvokeEffectsInDEV (file://E:/HACKATHON/04. Aerospace/airforce-training-main-main/.next/dev/static/chunks/node_modules_next_dist_compiled_react-dom_058-ah~._.js:10110:147)
    at recursivelyTraverseAndDoubleInvokeEffectsInDEV (file://E:/HACKATHON/04. Aerospace/airforce-training-main-main/.next/dev/static/chunks/node_modules_next_dist_compiled_react-dom_058-ah~._.js:10110:147)
    at recursivelyTraverseAndDoubleInvokeEffectsInDEV (file://E:/HACKATHON/04. Aerospace/airforce-training-main-main/.next/dev/static/chunks/node_modules_next_dist_compiled_react-dom_058-ah~._.js:10110:147)
    at recursivelyTraverseAndDoubleInvokeEffectsInDEV (file://E:/HACKATHON/04. Aerospace/airforce-training-main-main/.next/dev/static/chunks/node_modules_next_dist_compiled_react-dom_058-ah~._.js:10110:147)
    at recursivelyTraverseAndDoubleInvokeEffectsInDEV (file://E:/HACKATHON/04. Aerospace/airforce-training-main-main/.next/dev/static/chunks/node_modules_next_dist_compiled_react-dom_058-ah~._.js:10110:147)
    at recursivelyTraverseAndDoubleInvokeEffectsInDEV (file://E:/HACKATHON/04. Aerospace/airforce-training-main-main/.next/dev/static/chunks/node_modules_next_dist_compiled_react-dom_058-ah~._.js:10110:147)
    at recursivelyTraverseAndDoubleInvokeEffectsInDEV (file://E:/HACKATHON/04. Aerospace/airforce-training-main-main/.next/dev/static/chunks/node_modules_next_dist_compiled_react-dom_058-ah~._.js:10110:147)
    at recursivelyTraverseAndDoubleInvokeEffectsInDEV (file://E:/HACKATHON/04. Aerospace/airforce-training-main-main/.next/dev/static/chunks/node_modules_next_dist_compiled_react-dom_058-ah~._.js:10110:147)
    at recursivelyTraverseAndDoubleInvokeEffectsInDEV (file://E:/HACKATHON/04. Aerospace/airforce-training-main-main/.next/dev/static/chunks/node_modules_next_dist_compiled_react-dom_058-ah~._.js:10110:147)
    at recursivelyTraverseAndDoubleInvokeEffectsInDEV (file://E:/HACKATHON/04. Aerospace/airforce-training-main-main/.next/dev/static/chunks/node_modules_next_dist_compiled_react-dom_058-ah~._.js:10110:147)
    at recursivelyTraverseAndDoubleInvokeEffectsInDEV (file://E:/HACKATHON/04. Aerospace/airforce-training-main-main/.next/dev/static/chunks/node_modules_next_dist_compiled_react-dom_058-ah~._.js:10110:147)
    at recursivelyTraverseAndDoubleInvokeEffectsInDEV (file://E:/HACKATHON/04. Aerospace/airforce-training-main-main/.next/dev/static/chunks/node_modules_next_dist_compiled_react-dom_058-ah~._.js:10110:147)
    at recursivelyTraverseAndDoubleInvokeEffectsInDEV (file://E:/HACKATHON/04. Aerospace/airforce-training-main-main/.next/dev/static/chunks/node_modules_next_dist_compiled_react-dom_058-ah~._.js:10110:147)
    at recursivelyTraverseAndDoubleInvokeEffectsInDEV (file://E:/HACKATHON/04. Aerospace/airforce-training-main-main/.next/dev/static/chunks/node_modules_next_dist_compiled_react-dom_058-ah~._.js:10110:147)
    at recursivelyTraverseAndDoubleInvokeEffectsInDEV (file://E:/HACKATHON/04. Aerospace/airforce-training-main-main/.next/dev/static/chunks/node_modules_next_dist_compiled_react-dom_058-ah~._.js:10110:147)
    at recursivelyTraverseAndDoubleInvokeEffectsInDEV (file://E:/HACKATHON/04. Aerospace/airforce-training-main-main/.next/dev/static/chunks/node_modules_next_dist_compiled_react-dom_058-ah~._.js:10110:147)
    at recursivelyTraverseAndDoubleInvokeEffectsInDEV (file://E:/HACKATHON/04. Aerospace/airforce-training-main-main/.next/dev/static/chunks/node_modules_next_dist_compiled_react-dom_058-ah~._.js:10110:147)
    at recursivelyTraverseAndDoubleInvokeEffectsInDEV (file://E:/HACKATHON/04. Aerospace/airforce-training-main-main/.next/dev/static/chunks/node_modules_next_dist_compiled_react-dom_058-ah~._.js:10110:147)
    at recursivelyTraverseAndDoubleInvokeEffectsInDEV (file://E:/HACKATHON/04. Aerospace/airforce-training-main-main/.next/dev/static/chunks/node_modules_next_dist_compiled_react-dom_058-ah~._.js:10110:147)
    at recursivelyTraverseAndDoubleInvokeEffectsInDEV (file://E:/HACKATHON/04. Aerospace/airforce-training-main-main/.next/dev/static/chunks/node_modules_next_dist_compiled_react-dom_058-ah~._.js:10110:147)
    at recursivelyTraverseAndDoubleInvokeEffectsInDEV (file://E:/HACKATHON/04. Aerospace/airforce-training-main-main/.next/dev/static/chunks/node_modules_next_dist_compiled_react-dom_058-ah~._.js:10110:147)
    at recursivelyTraverseAndDoubleInvokeEffectsInDEV (file://E:/HACKATHON/04. Aerospace/airforce-training-main-main/.next/dev/static/chunks/node_modules_next_dist_compiled_react-dom_058-ah~._.js:10110:147)
    at recursivelyTraverseAndDoubleInvokeEffectsInDEV (file://E:/HACKATHON/04. Aerospace/airforce-training-main-main/.next/dev/static/chunks/node_modules_next_dist_compiled_react-dom_058-ah~._.js:10110:147)
    at recursivelyTraverseAndDoubleInvokeEffectsInDEV (file://E:/HACKATHON/04. Aerospace/airforce-training-main-main/.next/dev/static/chunks/node_modules_next_dist_compiled_react-dom_058-ah~._.js:10110:147)
    at recursivelyTraverseAndDoubleInvokeEffectsInDEV (file://E:/HACKATHON/04. Aerospace/airforce-training-main-main/.next/dev/static/chunks/node_modules_next_dist_compiled_react-dom_058-ah~._.js:10110:147)
    at recursivelyTraverseAndDoubleInvokeEffectsInDEV (file://E:/HACKATHON/04. Aerospace/airforce-training-main-main/.next/dev/static/chunks/node_modules_next_dist_compiled_react-dom_058-ah~._.js:10110:147)
    at recursivelyTraverseAndDoubleInvokeEffectsInDEV (file://E:/HACKATHON/04. Aerospace/airforce-training-main-main/.next/dev/static/chunks/node_modules_next_dist_compiled_react-dom_058-ah~._.js:10110:147)
[browser] Failed to fetch dashboard data: TypeError: Failed to fetch
    at apiFetch (file://E:/HACKATHON/04. Aerospace/airforce-training-main-main/.next/dev/static/chunks/src_0y_21jy._.js:25:28)
    at getAlerts (file://E:/HACKATHON/04. Aerospace/airforce-training-main-main/.next/dev/static/chunks/src_051sa4~._.js:1211:145)
    at TraineeDashboardPage.useEffect.fetchData (file://E:/HACKATHON/04. Aerospace/airforce-training-main-main/.next/dev/static/chunks/src_0bj~uuh._.js:1535:166)
    at TraineeDashboardPage.useEffect (file://E:/HACKATHON/04. Aerospace/airforce-training-main-main/.next/dev/static/chunks/src_0bj~uuh._.js:1557:13)
    at Object.react_stack_bottom_frame (file://E:/HACKATHON/04. Aerospace/airforce-training-main-main/.next/dev/static/chunks/node_modules_next_dist_compiled_react-dom_058-ah~._.js:15087:22)
    at runWithFiberInDEV (file://E:/HACKATHON/04. Aerospace/airforce-training-main-main/.next/dev/static/chunks/node_modules_next_dist_compiled_react-dom_058-ah~._.js:965:74)
    at commitHookEffectListMount (file://E:/HACKATHON/04. Aerospace/airforce-training-main-main/.next/dev/static/chunks/node_modules_next_dist_compiled_react-dom_058-ah~._.js:7255:167)
    at commitHookPassiveMountEffects (file://E:/HACKATHON/04. Aerospace/airforce-training-main-main/.next/dev/static/chunks/node_modules_next_dist_compiled_react-dom_058-ah~._.js:7290:60)
    at reconnectPassiveEffects (file://E:/HACKATHON/04. Aerospace/airforce-training-main-main/.next/dev/static/chunks/node_modules_next_dist_compiled_react-dom_058-ah~._.js:8779:17)
    at recursivelyTraverseReconnectPassiveEffects (file://E:/HACKATHON/04. Aerospace/airforce-training-main-main/.next/dev/static/chunks/node_modules_next_dist_compiled_react-dom_058-ah~._.js:8766:13)
    at reconnectPassiveEffects (file://E:/HACKATHON/04. Aerospace/airforce-training-main-main/.next/dev/static/chunks/node_modules_next_dist_compiled_react-dom_058-ah~._.js:8778:17)
    at recursivelyTraverseReconnectPassiveEffects (file://E:/HACKATHON/04. Aerospace/airforce-training-main-main/.next/dev/static/chunks/node_modules_next_dist_compiled_react-dom_058-ah~._.js:8766:13)
    at reconnectPassiveEffects (file://E:/HACKATHON/04. Aerospace/airforce-training-main-main/.next/dev/static/chunks/node_modules_next_dist_compiled_react-dom_058-ah~._.js:8778:17)
    at recursivelyTraverseReconnectPassiveEffects (file://E:/HACKATHON/04. Aerospace/airforce-training-main-main/.next/dev/static/chunks/node_modules_next_dist_compiled_react-dom_058-ah~._.js:8766:13)
    at reconnectPassiveEffects (file://E:/HACKATHON/04. Aerospace/airforce-training-main-main/.next/dev/static/chunks/node_modules_next_dist_compiled_react-dom_058-ah~._.js:8793:17)
    at recursivelyTraverseReconnectPassiveEffects (file://E:/HACKATHON/04. Aerospace/airforce-training-main-main/.next/dev/static/chunks/node_modules_next_dist_compiled_react-dom_058-ah~._.js:8766:13)
    at reconnectPassiveEffects (file://E:/HACKATHON/04. Aerospace/airforce-training-main-main/.next/dev/static/chunks/node_modules_next_dist_compiled_react-dom_058-ah~._.js:8793:17)
    at recursivelyTraverseReconnectPassiveEffects (file://E:/HACKATHON/04. Aerospace/airforce-training-main-main/.next/dev/static/chunks/node_modules_next_dist_compiled_react-dom_058-ah~._.js:8766:13)
    at reconnectPassiveEffects (file://E:/HACKATHON/04. Aerospace/airforce-training-main-main/.next/dev/static/chunks/node_modules_next_dist_compiled_react-dom_058-ah~._.js:8778:17)
    at recursivelyTraverseReconnectPassiveEffects (file://E:/HACKATHON/04. Aerospace/airforce-training-main-main/.next/dev/static/chunks/node_modules_next_dist_compiled_react-dom_058-ah~._.js:8766:13)
    at reconnectPassiveEffects (file://E:/HACKATHON/04. Aerospace/airforce-training-main-main/.next/dev/static/chunks/node_modules_next_dist_compiled_react-dom_058-ah~._.js:8793:17)
    at recursivelyTraverseReconnectPassiveEffects (file://E:/HACKATHON/04. Aerospace/airforce-training-main-main/.next/dev/static/chunks/node_modules_next_dist_compiled_react-dom_058-ah~._.js:8766:13)
    at reconnectPassiveEffects (file://E:/HACKATHON/04. Aerospace/airforce-training-main-main/.next/dev/static/chunks/node_modules_next_dist_compiled_react-dom_058-ah~._.js:8778:17)
    at recursivelyTraverseReconnectPassiveEffects (file://E:/HACKATHON/04. Aerospace/airforce-training-main-main/.next/dev/static/chunks/node_modules_next_dist_compiled_react-dom_058-ah~._.js:8766:13)
    at reconnectPassiveEffects (file://E:/HACKATHON/04. Aerospace/airforce-training-main-main/.next/dev/static/chunks/node_modules_next_dist_compiled_react-dom_058-ah~._.js:8778:17)
    at recursivelyTraverseReconnectPassiveEffects (file://E:/HACKATHON/04. Aerospace/airforce-training-main-main/.next/dev/static/chunks/node_modules_next_dist_compiled_react-dom_058-ah~._.js:8766:13)
    at reconnectPassiveEffects (file://E:/HACKATHON/04. Aerospace/airforce-training-main-main/.next/dev/static/chunks/node_modules_next_dist_compiled_react-dom_058-ah~._.js:8778:17)
    at recursivelyTraverseReconnectPassiveEffects (file://E:/HACKATHON/04. Aerospace/airforce-training-main-main/.next/dev/static/chunks/node_modules_next_dist_compiled_react-dom_058-ah~._.js:8766:13)
    at reconnectPassiveEffects (file://E:/HACKATHON/04. Aerospace/airforce-training-main-main/.next/dev/static/chunks/node_modules_next_dist_compiled_react-dom_058-ah~._.js:8778:17)
    at recursivelyTraverseReconnectPassiveEffects (file://E:/HACKATHON/04. Aerospace/airforce-training-main-main/.next/dev/static/chunks/node_modules_next_dist_compiled_react-dom_058-ah~._.js:8766:13)
    at reconnectPassiveEffects (file://E:/HACKATHON/04. Aerospace/airforce-training-main-main/.next/dev/static/chunks/node_modules_next_dist_compiled_react-dom_058-ah~._.js:8793:17)
    at recursivelyTraverseReconnectPassiveEffects (file://E:/HACKATHON/04. Aerospace/airforce-training-main-main/.next/dev/static/chunks/node_modules_next_dist_compiled_react-dom_058-ah~._.js:8766:13)
    at reconnectPassiveEffects (file://E:/HACKATHON/04. Aerospace/airforce-training-main-main/.next/dev/static/chunks/node_modules_next_dist_compiled_react-dom_058-ah~._.js:8778:17)
    at recursivelyTraverseReconnectPassiveEffects (file://E:/HACKATHON/04. Aerospace/airforce-training-main-main/.next/dev/static/chunks/node_modules_next_dist_compiled_react-dom_058-ah~._.js:8766:13)
    at reconnectPassiveEffects (file://E:/HACKATHON/04. Aerospace/airforce-training-main-main/.next/dev/static/chunks/node_modules_next_dist_compiled_react-dom_058-ah~._.js:8778:17)
    at recursivelyTraverseReconnectPassiveEffects (file://E:/HACKATHON/04. Aerospace/airforce-training-main-main/.next/dev/static/chunks/node_modules_next_dist_compiled_react-dom_058-ah~._.js:8766:13)
    at reconnectPassiveEffects (file://E:/HACKATHON/04. Aerospace/airforce-training-main-main/.next/dev/static/chunks/node_modules_next_dist_compiled_react-dom_058-ah~._.js:8793:17)
    at recursivelyTraverseReconnectPassiveEffects (file://E:/HACKATHON/04. Aerospace/airforce-training-main-main/.next/dev/static/chunks/node_modules_next_dist_compiled_react-dom_058-ah~._.js:8766:13)
    at reconnectPassiveEffects (file://E:/HACKATHON/04. Aerospace/airforce-training-main-main/.next/dev/static/chunks/node_modules_next_dist_compiled_react-dom_058-ah~._.js:8793:17)
    at recursivelyTraverseReconnectPassiveEffects (file://E:/HACKATHON/04. Aerospace/airforce-training-main-main/.next/dev/static/chunks/node_modules_next_dist_compiled_react-dom_058-ah~._.js:8766:13)
    at reconnectPassiveEffects (file://E:/HACKATHON/04. Aerospace/airforce-training-main-main/.next/dev/static/chunks/node_modules_next_dist_compiled_react-dom_058-ah~._.js:8778:17)
    at recursivelyTraverseReconnectPassiveEffects (file://E:/HACKATHON/04. Aerospace/airforce-training-main-main/.next/dev/static/chunks/node_modules_next_dist_compiled_react-dom_058-ah~._.js:8766:13)
    at reconnectPassiveEffects (file://E:/HACKATHON/04. Aerospace/airforce-training-main-main/.next/dev/static/chunks/node_modules_next_dist_compiled_react-dom_058-ah~._.js:8778:17)
    at recursivelyTraverseReconnectPassiveEffects (file://E:/HACKATHON/04. Aerospace/airforce-training-main-main/.next/dev/static/chunks/node_modules_next_dist_compiled_react-dom_058-ah~._.js:8766:13)
    at reconnectPassiveEffects (file://E:/HACKATHON/04. Aerospace/airforce-training-main-main/.next/dev/static/chunks/node_modules_next_dist_compiled_react-dom_058-ah~._.js:8793:17)
    at recursivelyTraverseReconnectPassiveEffects (file://E:/HACKATHON/04. Aerospace/airforce-training-main-main/.next/dev/static/chunks/node_modules_next_dist_compiled_react-dom_058-ah~._.js:8766:13)
    at reconnectPassiveEffects (file://E:/HACKATHON/04. Aerospace/airforce-training-main-main/.next/dev/static/chunks/node_modules_next_dist_compiled_react-dom_058-ah~._.js:8793:17)
    at recursivelyTraverseReconnectPassiveEffects (file://E:/HACKATHON/04. Aerospace/airforce-training-main-main/.next/dev/static/chunks/node_modules_next_dist_compiled_react-dom_058-ah~._.js:8766:13)
    at reconnectPassiveEffects (file://E:/HACKATHON/04. Aerospace/airforce-training-main-main/.next/dev/static/chunks/node_modules_next_dist_compiled_react-dom_058-ah~._.js:8793:17)
    at recursivelyTraverseReconnectPassiveEffects (file://E:/HACKATHON/04. Aerospace/airforce-training-main-main/.next/dev/static/chunks/node_modules_next_dist_compiled_react-dom_058-ah~._.js:8766:13) (file://E:/HACKATHON/04. Aerospace/airforce-training-main-main/.next/dev/static/chunks/src_0bj~uuh._.js:1548:33)
[browser] Refresh call failed TypeError: Failed to fetch
    at <unknown> (file://E:/HACKATHON/04. Aerospace/airforce-training-main-main/.next/dev/static/chunks/src_0y_21jy._.js:42:67)
    at apiFetch (file://E:/HACKATHON/04. Aerospace/airforce-training-main-main/.next/dev/static/chunks/src_0y_21jy._.js:69:31) (file://E:/HACKATHON/04. Aerospace/airforce-training-main-main/.next/dev/static/chunks/src_0y_21jy._.js:64:45)
[browser] Detected `scroll-behavior: smooth` on the `<html>` element. To disable smooth scrolling during route transitions, add `data-scroll-behavior="smooth"` to your <html> element. Learn more: https://nextjs.org/docs/messages/missing-data-scroll-behavior (file://E:/HACKATHON/04. Aerospace/airforce-training-main-main/.next/dev/static/chunks/node_modules_next_dist_115brz8._.js:2477:13)
[browser] Detected `scroll-behavior: smooth` on the `<html>` element. To disable smooth scrolling during route transitions, add `data-scroll-behavior="smooth"` to your <html> element. Learn more: https://nextjs.org/docs/messages/missing-data-scroll-behavior (file://E:/HACKATHON/04. Aerospace/airforce-training-main-main/.next/dev/static/chunks/node_modules_next_dist_115brz8._.js:2477:13)
[browser] Detected `scroll-behavior: smooth` on the `<html>` element. To disable smooth scrolling during route transitions, add `data-scroll-behavior="smooth"` to your <html> element. Learn more: https://nextjs.org/docs/messages/missing-data-scroll-behavior (file://E:/HACKATHON/04. Aerospace/airforce-training-main-main/.next/dev/static/chunks/node_modules_next_dist_115brz8._.js:2477:13)
[browser] Each child in a list should have a unique "key" prop.

Check the render method of `LoginPage`. See https://react.dev/link/warning-keys for more information. 
    at <unknown> (file://E:/HACKATHON/04. Aerospace/airforce-training-main-main/.next/dev/static/chunks/node_modules_next_dist_compiled_react-dom_058-ah~._.js:15127:29)
    at runWithFiberInDEV (file://E:/HACKATHON/04. Aerospace/airforce-training-main-main/.next/dev/static/chunks/node_modules_next_dist_compiled_react-dom_058-ah~._.js:965:74)
    at warnForMissingKey (file://E:/HACKATHON/04. Aerospace/airforce-training-main-main/.next/dev/static/chunks/node_modules_next_dist_compiled_react-dom_058-ah~._.js:15126:17)
    at warnOnInvalidKey (file://E:/HACKATHON/04. Aerospace/airforce-training-main-main/.next/dev/static/chunks/node_modules_next_dist_compiled_react-dom_058-ah~._.js:4091:21)
    at reconcileChildrenArray (file://E:/HACKATHON/04. Aerospace/airforce-training-main-main/.next/dev/static/chunks/node_modules_next_dist_compiled_react-dom_058-ah~._.js:4133:225)
    at reconcileChildFibersImpl (file://E:/HACKATHON/04. Aerospace/airforce-training-main-main/.next/dev/static/chunks/node_modules_next_dist_compiled_react-dom_058-ah~._.js:4236:51)
    at <unknown> (file://E:/HACKATHON/04. Aerospace/airforce-training-main-main/.next/dev/static/chunks/node_modules_next_dist_compiled_react-dom_058-ah~._.js:4261:39)
    at reconcileChildren (file://E:/HACKATHON/04. Aerospace/airforce-training-main-main/.next/dev/static/chunks/node_modules_next_dist_compiled_react-dom_058-ah~._.js:5898:119)
    at beginWork (file://E:/HACKATHON/04. Aerospace/airforce-training-main-main/.next/dev/static/chunks/node_modules_next_dist_compiled_react-dom_058-ah~._.js:6758:1573)
    at runWithFiberInDEV (file://E:/HACKATHON/04. Aerospace/airforce-training-main-main/.next/dev/static/chunks/node_modules_next_dist_compiled_react-dom_058-ah~._.js:965:74)
    at performUnitOfWork (file://E:/HACKATHON/04. Aerospace/airforce-training-main-main/.next/dev/static/chunks/node_modules_next_dist_compiled_react-dom_058-ah~._.js:9555:97)
    at workLoopSync (file://E:/HACKATHON/04. Aerospace/airforce-training-main-main/.next/dev/static/chunks/node_modules_next_dist_compiled_react-dom_058-ah~._.js:9449:40)
    at renderRootSync (file://E:/HACKATHON/04. Aerospace/airforce-training-main-main/.next/dev/static/chunks/node_modules_next_dist_compiled_react-dom_058-ah~._.js:9433:13)
    at performWorkOnRoot (file://E:/HACKATHON/04. Aerospace/airforce-training-main-main/.next/dev/static/chunks/node_modules_next_dist_compiled_react-dom_058-ah~._.js:9061:186)
    at performSyncWorkOnRoot (file://E:/HACKATHON/04. Aerospace/airforce-training-main-main/.next/dev/static/chunks/node_modules_next_dist_compiled_react-dom_058-ah~._.js:10263:9)
    at flushSyncWorkAcrossRoots_impl (file://E:/HACKATHON/04. Aerospace/airforce-training-main-main/.next/dev/static/chunks/node_modules_next_dist_compiled_react-dom_058-ah~._.js:10179:316)
    at flushSyncWork$1 (file://E:/HACKATHON/04. Aerospace/airforce-training-main-main/.next/dev/static/chunks/node_modules_next_dist_compiled_react-dom_058-ah~._.js:9230:86)
    at Object.scheduleRefresh (file://E:/HACKATHON/04. Aerospace/airforce-training-main-main/.next/dev/static/chunks/node_modules_next_dist_compiled_react-dom_058-ah~._.js:299:13)
    at <unknown> (file://E:/HACKATHON/04. Aerospace/airforce-training-main-main/.next/dev/static/chunks/node_modules_next_dist_compiled_0rpq4pf._.js:391:33)
    at Set.forEach (<anonymous>)
    at Object.performReactRefresh (file://E:/HACKATHON/04. Aerospace/airforce-training-main-main/.next/dev/static/chunks/node_modules_next_dist_compiled_0rpq4pf._.js:384:38)
    at applyUpdate (file://E:/HACKATHON/04. Aerospace/airforce-training-main-main/.next/dev/static/chunks/node_modules_next_dist_compiled_0rpq4pf._.js:878:31)
    at <unknown> (file://E:/HACKATHON/04. Aerospace/airforce-training-main-main/.next/dev/static/chunks/node_modules_next_dist_compiled_0rpq4pf._.js:886:13) (file://E:/HACKATHON/04. Aerospace/airforce-training-main-main/.next/dev/static/chunks/node_modules_next_dist_compiled_react-dom_058-ah~._.js:15127:29)
[browser] Detected `scroll-behavior: smooth` on the `<html>` element. To disable smooth scrolling during route transitions, add `data-scroll-behavior="smooth"` to your <html> element. Learn more: https://nextjs.org/docs/messages/missing-data-scroll-behavior (file://E:/HACKATHON/04. Aerospace/airforce-training-main-main/.next/dev/static/chunks/node_modules_next_dist_115brz8._.js:2477:13)
[browser] Detected `scroll-behavior: smooth` on the `<html>` element. To disable smooth scrolling during route transitions, add `data-scroll-behavior="smooth"` to your <html> element. Learn more: https://nextjs.org/docs/messages/missing-data-scroll-behavior (file://E:/HACKATHON/04. Aerospace/airforce-training-main-main/.next/dev/static/chunks/node_modules_next_dist_115brz8._.js:2477:13)
⚠ Fast Refresh had to perform a full reload due to a runtime error.
