
> airforce-training-nextjs@0.1.0 dev
> next dev

▲ Next.js 16.2.6 (Turbopack)
- Local:         http://localhost:3000
- Network:       http://169.254.83.107:3000
- Environments: .env.local
✓ Ready in 1125ms

○ Compiling /login ...
 GET /login 200 in 8.0s (next.js: 7.4s, application-code: 623ms)
 GET /trainee/dashboard 200 in 2.3s (next.js: 2.2s, application-code: 93ms)
 GET /?expired=true 200 in 807ms (next.js: 667ms, application-code: 139ms)
 GET /trainee/dashboard 200 in 89ms (next.js: 11ms, application-code: 78ms)
 GET /?expired=true 200 in 145ms (next.js: 10ms, application-code: 136ms)
 GET /trainee/dashboard 200 in 104ms (next.js: 13ms, application-code: 92ms)
 GET /?expired=true 200 in 142ms (next.js: 9ms, application-code: 133ms)
 GET / 200 in 87ms (next.js: 7ms, application-code: 80ms)
 GET /trainee/dashboard 200 in 134ms (next.js: 12ms, application-code: 122ms)
 GET /?expired=true 200 in 162ms (next.js: 8ms, application-code: 153ms)
 GET /trainee/dashboard 200 in 91ms (next.js: 10ms, application-code: 81ms)
 GET /?expired=true 200 in 147ms (next.js: 8ms, application-code: 139ms)
✓ Compiled in 721ms
 GET /?expired=true 200 in 299ms (next.js: 208ms, application-code: 92ms)
✓ Compiled in 929ms
 GET /?expired=true 200 in 462ms (next.js: 291ms, application-code: 171ms)
✓ Compiled in 866ms
 GET /?expired=true 200 in 367ms (next.js: 265ms, application-code: 102ms)
✓ Compiled in 869ms
 GET /?expired=true 200 in 392ms (next.js: 273ms, application-code: 119ms)
 GET /trainee/dashboard 200 in 113ms (next.js: 38ms, application-code: 75ms)
 GET /trainee/simulation 200 in 111ms (next.js: 37ms, application-code: 75ms)
 GET /trainee/digital-twin 200 in 2.9s (next.js: 2.8s, application-code: 71ms)
 GET / 200 in 471ms (next.js: 19ms, application-code: 452ms)
 GET /trainee/dashboard 200 in 88ms (next.js: 10ms, application-code: 78ms)
 GET /trainee/simulation 200 in 69ms (next.js: 8ms, application-code: 61ms)
 GET /trainee/digital-twin 200 in 66ms (next.js: 7ms, application-code: 60ms)
✓ Compiled in 838ms
✓ Compiled in 832ms
✓ Compiled in 847ms
 GET /trainee/text-to-video 200 in 1022ms (next.js: 935ms, application-code: 87ms)
✓ Compiled in 899ms
✓ Compiled in 991ms
 GET /trainee/digital-twin 200 in 546ms (next.js: 12ms, application-code: 533ms)
